Removed Pin From Net: NetName=D1 Pin=Header-1
Removed Pin From Net: NetName=D0 Pin=Header-2
Removed Pin From Net: NetName=RESET Pin=Header-3
Removed Pin From Net: NetName=GND Pin=Header-4
Removed Pin From Net: NetName=D2 Pin=Header-5
Removed Pin From Net: NetName=D3 Pin=Header-6
Removed Pin From Net: NetName=D4 Pin=Header-7
Removed Pin From Net: NetName=D5 Pin=Header-8
Removed Pin From Net: NetName=D6 Pin=Header-9
Removed Pin From Net: NetName=D7 Pin=Header-10
Removed Pin From Net: NetName=D8 Pin=Header-11
Removed Pin From Net: NetName=D9 Pin=Header-12
Removed Pin From Net: NetName=D10 Pin=Header-13
Removed Pin From Net: NetName=MOSI Pin=Header-14
Removed Pin From Net: NetName=MISO Pin=Header-15
Removed Pin From Net: NetName=SCK Pin=Header-16
Removed Pin From Net: NetName=3v3 Pin=Header-17
Removed Pin From Net: NetName=AREF Pin=Header-18
Removed Pin From Net: NetName=A0 Pin=Header-19
Removed Pin From Net: NetName=A1 Pin=Header-20
Removed Pin From Net: NetName=A2 Pin=Header-21
Removed Pin From Net: NetName=A3 Pin=Header-22
Removed Pin From Net: NetName=SDA Pin=Header-23
Removed Pin From Net: NetName=SCL Pin=Header-24
Removed Pin From Net: NetName=A6 Pin=Header-25
Removed Pin From Net: NetName=A7 Pin=Header-26
Removed Pin From Net: NetName=+5 Pin=Header-27
Removed Pin From Net: NetName=RESET Pin=Header-28
Removed Pin From Net: NetName=GND Pin=Header-29
Removed Pin From Net: NetName=VIN Pin=Header-30
Removed Member From Class: ClassName=HeadTiltController_V1 Member=Header
Added Component: Designator=TB?(SHIELD_ARDUINO_NANO)
Add component (AddParameter): Name = "Availability"; Value = "Not in stock"; VariantName = "[No Variations]"
Add component (AddParameter): Name = "Check_prices"; Value = "https://www.snapeda.com/parts/Arduino%20Nano/Arduino/view-part/?ref=eda"; VariantName = "[No Variations]"
Add component (AddParameter): Name = "MF"; Value = "Arduino"; VariantName = "[No Variations]"
Add component (AddParameter): Name = "MP"; Value = "Arduino Nano"; VariantName = "[No Variations]"
Add component (AddParameter): Name = "Package"; Value = "Non-Standard Arduino"; VariantName = "[No Variations]"
Add component (AddParameter): Name = "Price"; Value = "None"; VariantName = "[No Variations]"
Add component (AddParameter): Name = "SnapEDA_Link"; Value = "https://www.snapeda.com/parts/Arduino%20Nano/Arduino/view-part/?ref=snap"; VariantName = "[No Variations]"
Add component (AddParameter): Name = "Value"; Value = ""; VariantName = "[No Variations]"
Added Pin To Net: NetName=D1 Pin=TB?-1
Added Pin To Net: NetName=D0 Pin=TB?-2
Added Pin To Net: NetName=RESET Pin=TB?-3
Added Pin To Net: NetName=GND Pin=TB?-4
Added Pin To Net: NetName=D2 Pin=TB?-5
Added Pin To Net: NetName=D3 Pin=TB?-6
Added Pin To Net: NetName=D4 Pin=TB?-7
Added Pin To Net: NetName=D5 Pin=TB?-8
Added Pin To Net: NetName=D6 Pin=TB?-9
Added Pin To Net: NetName=D7 Pin=TB?-10
Added Pin To Net: NetName=D8 Pin=TB?-11
Added Pin To Net: NetName=D9 Pin=TB?-12
Added Pin To Net: NetName=D10 Pin=TB?-13
Added Pin To Net: NetName=MOSI Pin=TB?-14
Added Pin To Net: NetName=MISO Pin=TB?-15
Added Pin To Net: NetName=SCK Pin=TB?-16
Added Pin To Net: NetName=3v3 Pin=TB?-17
Added Pin To Net: NetName=AREF Pin=TB?-18
Added Pin To Net: NetName=A0 Pin=TB?-19
Added Pin To Net: NetName=A1 Pin=TB?-20
Added Pin To Net: NetName=A2 Pin=TB?-21
Added Pin To Net: NetName=A3 Pin=TB?-22
Added Pin To Net: NetName=SDA Pin=TB?-23
Added Pin To Net: NetName=SCL Pin=TB?-24
Added Pin To Net: NetName=A6 Pin=TB?-25
Added Pin To Net: NetName=A7 Pin=TB?-26
Added Pin To Net: NetName=+5 Pin=TB?-27
Added Pin To Net: NetName=RESET Pin=TB?-28
Added Pin To Net: NetName=GND Pin=TB?-29
Added Pin To Net: NetName=VIN Pin=TB?-30
Added Member To Class: ClassName=HeadTiltController_V1 Member=Component TB? ARDUINO_NANO
